<?xml version="1.0" encoding="utf-8"?><testsuite errors="0" failures="0" name="pytest" skips="0" tests="7" time="0.148"><testcase classname="test_submit" file="test_submit.py" line="7" name="test_1" time="0.002001523971557617"></testcase><testcase classname="test_submit" file="test_submit.py" line="11" name="test_2" time="0.002006053924560547"></testcase><testcase classname="test_submit" file="test_submit.py" line="15" name="test_3" time="0.0019981861114501953"></testcase><testcase classname="test_submit" file="test_submit.py" line="19" name="test_4" time="0.003020048141479492"></testcase><testcase classname="test_submit" file="test_submit.py" line="23" name="test_5" time="0.0009953975677490234"></testcase><testcase classname="test_submit" file="test_submit.py" line="27" name="test_6" time="0.0010006427764892578"></testcase><testcase classname="test_submit" file="test_submit.py" line="31" name="test_7" time="0.0020036697387695312"></testcase></testsuite>