<?xml version="1.0" encoding="utf-8"?><testsuite errors="0" failures="0" name="pytest" skips="0" tests="3" time="0.247"><testcase classname="test_main" file="test_main.py" line="6" name="test_get_temperature_by_lat_lng" time="0.004007101058959961"></testcase><testcase classname="test_main" file="test_main.py" line="26" name="test_lat_lng_is_not_null" time="0.0019979476928710938"></testcase><testcase classname="test_main" file="test_main.py" line="31" name="test_lat_lng_is_not_string" time="0.0010006427764892578"></testcase></testsuite>