<?xml version="1.0" encoding="utf-8"?><testsuite errors="0" failures="0" name="pytest" skips="0" tests="12" time="0.235"><testcase classname="test_submit.TestChalange2" file="test_submit.py" line="6" name="test_instance_class" time="0.0030024051666259766"></testcase><testcase classname="test_submit.TestChalange2" file="test_submit.py" line="10" name="test_protected_attribute_manager" time="0.0010023117065429688"></testcase><testcase classname="test_submit.TestChalange2" file="test_submit.py" line="15" name="test_protected_attribute" time="0.004995822906494141"></testcase><testcase classname="test_submit.TestChalange2" file="test_submit.py" line="20" name="test_total_hours_seller" time="0.0029947757720947266"></testcase><testcase classname="test_submit.TestChalange2" file="test_submit.py" line="24" name="test_total_hours_manager" time="0.004998683929443359"></testcase><testcase classname="test_submit.TestChalange2" file="test_submit.py" line="28" name="test_get_department_seller" time="0.00400233268737793"></testcase><testcase classname="test_submit.TestChalange2" file="test_submit.py" line="32" name="test_get_department_manager" time="0.003000497817993164"></testcase><testcase classname="test_submit.TestChalange2" file="test_submit.py" line="36" name="test_sales_seller" time="0.006998777389526367"></testcase><testcase classname="test_submit.TestChalange2" file="test_submit.py" line="42" name="test_protected_attribute_sales" time="0.002004861831665039"></testcase><testcase classname="test_submit.TestChalange2" file="test_submit.py" line="47" name="test_calc_bonus_seller" time="0.0019974708557128906"></testcase><testcase classname="test_submit.TestChalange2" file="test_submit.py" line="53" name="test_calc_bonus_manger" time="0.00099945068359375"></testcase><testcase classname="test_submit.TestChalange2" file="test_submit.py" line="57" name="test_get_sales_manger" time="0.0019969940185546875"></testcase></testsuite>