<?xml version="1.0" encoding="utf-8"?><testsuite errors="0" failures="0" name="pytest" skips="0" tests="3" time="0.117"><testcase classname="test_submit.TestChallenge4" file="test_submit.py" line="6" name="test_verify_signature" time="0.002001047134399414"></testcase><testcase classname="test_submit.TestChallenge4" file="test_submit.py" line="9" name="test_verify_signature_fail" time="0.0059967041015625"></testcase><testcase classname="test_submit.TestChallenge4" file="test_submit.py" line="12" name="test_create_token" time="0.0010004043579101562"></testcase></testsuite>